make --dry-run --always-make --keep-going --print-directory
make: Entering directory '/home/richard/work/cooker/software/linux/boot/myir-imx-uboot'
 
  HOSTCC  scripts/basic/fixdep
 
  HOSTCC  scripts/kconfig/conf.o
 
  YACC    scripts/kconfig/zconf.tab.c
 
/bin/sh: 1: bison: not found
make[2]: *** [scripts/Makefile.lib:226: scripts/kconfig/zconf.tab.c] Error 127
 
  LEX     scripts/kconfig/zconf.lex.c
 
/bin/sh: 1: flex: not found
make[2]: *** [scripts/Makefile.lib:218: scripts/kconfig/zconf.lex.c] Error 127
make[2]: Target 'syncconfig' not remade because of errors.
 
make[1]: *** [Makefile:503: syncconfig] Error 2
 
make: *** No rule to make target 'include/config/auto.conf', needed by 'include/config/uboot.release'.
 
make -f ./scripts/Makefile.autoconf u-boot.cfg
 
scripts/Makefile.autoconf:21: include/config/auto.conf: No such file or directory
make[1]: *** No rule to make target 'include/config/auto.conf'.
make[1]: Failed to remake makefile 'include/config/auto.conf'.
 
set -e; echo '  CHK     include/config.h'; mkdir -p include/; 	(echo "/* Automatically generated - do not edit */"; for i in $(echo  | sed 's/,/ /g'); do echo \#define CONFIG_$i | sed '/=/ {s/=/	/;q; } ; { s/$/	1/; }'; done; echo \#define CONFIG_BOARDDIR board/; echo \#include \<config_defaults.h\>; echo \#include \<config_uncmd_spl.h\>; echo \#include \<configs/.h\>; echo \#include \<asm/config.h\>; echo \#include \<linux/kconfig.h\>; echo \#include \<config_fallbacks.h\>;) < scripts/Makefile.autoconf > include/config.h.tmp; if [ -r include/config.h ] && cmp -s include/config.h include/config.h.tmp; then rm -f include/config.h.tmp; else echo '  UPD     include/config.h'; mv -f include/config.h.tmp include/config.h; fi
echo '  CFG     u-boot.cfg'; gcc -E -Wall -Wstrict-prototypes -Wno-format-security -fno-builtin -ffreestanding -std=gnu11 -fshort-wchar -fno-strict-aliasing -fno-PIE -O2 -fno-stack-protector -fno-delete-null-pointer-checks -fmacro-prefix-map=./= -g -fstack-usage -Wno-format-nonliteral -Werror=date-time  -D__KERNEL__ -D__UBOOT__    -pipe -Iinclude  -I./arch//include -include ./include/linux/kconfig.h  -nostdinc -isystem /usr/lib/gcc/x86_64-linux-gnu/9/include  -DDO_DEPS_ONLY -dM ./include/common.h > u-boot.cfg.tmp && { grep 'define CONFIG_' u-boot.cfg.tmp > u-boot.cfg; rm u-boot.cfg.tmp; } || { rm u-boot.cfg.tmp; false; }
 
make: *** [Makefile:545: u-boot.cfg] Error 2
 
set -e; echo '  CHK     include/generated/timestamp_autogenerated.h'; mkdir -p include/generated/; 	(if test -n "${SOURCE_DATE_EPOCH}"; then SOURCE_DATE="@${SOURCE_DATE_EPOCH}"; DATE=""; for date in gdate date.gnu date; do ${date} -u -d "${SOURCE_DATE}" >/dev/null 2>&1 && DATE="${date}"; done; if test -n "${DATE}"; then LC_ALL=C ${DATE} -u -d "${SOURCE_DATE}" +'#define U_BOOT_DATE "%b %d %C%y"'; LC_ALL=C ${DATE} -u -d "${SOURCE_DATE}" +'#define U_BOOT_TIME "%T"'; LC_ALL=C ${DATE} -u -d "${SOURCE_DATE}" +'#define U_BOOT_TZ "%z"'; LC_ALL=C ${DATE} -u -d "${SOURCE_DATE}" +'#define U_BOOT_DMI_DATE "%m/%d/%Y"'; LC_ALL=C ${DATE} -u -d "${SOURCE_DATE}" +'#define U_BOOT_BUILD_DATE 0x%Y%m%d'; else return 42; fi; else LC_ALL=C date +'#define U_BOOT_DATE "%b %d %C%y"'; LC_ALL=C date +'#define U_BOOT_TIME "%T"'; LC_ALL=C date +'#define U_BOOT_TZ "%z"'; LC_ALL=C date +'#define U_BOOT_DMI_DATE "%m/%d/%Y"'; LC_ALL=C date +'#define U_BOOT_BUILD_DATE 0x%Y%m%d'; fi) < Makefile > include/generated/timestamp_autogenerated.h.tmp; if [ -r include/generated/timestamp_autogenerated.h ] && cmp -s include/generated/timestamp_autogenerated.h include/generated/timestamp_autogenerated.h.tmp; then rm -f include/generated/timestamp_autogenerated.h.tmp; else echo '  UPD     include/generated/timestamp_autogenerated.h'; mv -f include/generated/timestamp_autogenerated.h.tmp include/generated/timestamp_autogenerated.h; fi
make -f ./scripts/Makefile.build obj=scripts/basic
 
set -e;  echo '  HOSTCC  scripts/basic/fixdep'; cc -Wp,-MD,scripts/basic/.fixdep.d -Wall -Wstrict-prototypes -O2 -fomit-frame-pointer  -std=gnu11     -o scripts/basic/fixdep scripts/basic/fixdep.c  ; scripts/basic/fixdep scripts/basic/.fixdep.d scripts/basic/fixdep 'cc -Wp,-MD,scripts/basic/.fixdep.d -Wall -Wstrict-prototypes -O2 -fomit-frame-pointer  -std=gnu11     -o scripts/basic/fixdep scripts/basic/fixdep.c  ' > scripts/basic/.fixdep.tmp; rm -f scripts/basic/.fixdep.d; mv -f scripts/basic/.fixdep.tmp scripts/basic/.fixdep.cmd
:
 
rm -f .tmp_quiet_recordmcount
 
make: *** No rule to make target 'arch//cpu/u-boot.lds', needed by 'u-boot.lds'.
 
make: Leaving directory '/home/richard/work/cooker/software/linux/boot/myir-imx-uboot'
 
